16-02-2024 12:14:21.827 [main] INFO  utils.ConfigManager - Application properties loaded successfully.
16-02-2024 12:16:23.912 [main] INFO  utils.ConfigManager - Application properties loaded successfully.
16-02-2024 12:20:08.805 [main] INFO  utils.ConfigManager - Application properties loaded successfully.
16-02-2024 12:21:20.826 [main] INFO  utils.ConfigManager - Application properties loaded successfully.
16-02-2024 12:22:09.840 [main] INFO  utils.ConfigManager - Application properties loaded successfully.
16-02-2024 12:22:26.840 [main] INFO  utils.ConfigManager - Application properties loaded successfully.
16-02-2024 12:24:50.668 [main] INFO  utils.ConfigManager - Application properties loaded successfully.
16-02-2024 12:25:14.034 [main] INFO  utils.ConfigManager - Application properties loaded successfully.
16-02-2024 12:49:04.597 [main] INFO  utils.ConfigManager - Application properties loaded successfully.
16-02-2024 14:26:55.156 [main] INFO  utils.ConfigManager - Application properties loaded successfully.
16-02-2024 14:28:09.293 [main] INFO  utils.ConfigManager - Application properties loaded successfully.
16-02-2024 14:29:31.725 [main] INFO  utils.ConfigManager - Application properties loaded successfully.
16-02-2024 14:29:43.607 [main] INFO  utils.ConfigManager - Application properties loaded successfully.
16-02-2024 14:57:49.373 [main] INFO  utils.ConfigManager - Application properties loaded successfully.
16-02-2024 15:00:26.616 [main] INFO  utils.ConfigManager - Application properties loaded successfully.
16-02-2024 15:00:50.819 [main] INFO  utils.ConfigManager - Application properties loaded successfully.
16-02-2024 15:03:00.376 [main] INFO  utils.ConfigManager - Application properties loaded successfully.
16-02-2024 15:05:00.066 [main] INFO  utils.ConfigManager - Application properties loaded successfully.
16-02-2024 15:11:35.933 [main] INFO  utils.ConfigManager - Application properties loaded successfully.
16-02-2024 15:13:29.989 [main] INFO  utils.ConfigManager - Application properties loaded successfully.
16-02-2024 15:15:24.427 [main] INFO  utils.ConfigManager - Application properties loaded successfully.
16-02-2024 15:36:55.447 [main] INFO  utils.ConfigManager - Application properties loaded successfully.
16-02-2024 17:57:12.429 [main] INFO  utils.ConfigManager - Application properties loaded successfully.
16-02-2024 17:58:08.628 [main] INFO  utils.ConfigManager - Application properties loaded successfully.
16-02-2024 17:58:20.024 [main] INFO  utils.ConfigManager - Application properties loaded successfully.
16-02-2024 17:58:34.623 [main] INFO  utils.ConfigManager - Application properties loaded successfully.
16-02-2024 18:03:59.878 [main] INFO  utils.ConfigManager - Application properties loaded successfully.
16-02-2024 18:04:12.415 [main] INFO  utils.ConfigManager - Application properties loaded successfully.
16-02-2024 18:09:30.549 [main] INFO  utils.ConfigManager - Application properties loaded successfully.
16-02-2024 18:13:33.348 [main] INFO  utils.ConfigManager - Application properties loaded successfully.
16-02-2024 18:14:59.914 [main] INFO  utils.ConfigManager - Application properties loaded successfully.
17-02-2024 10:36:48.095 [main] INFO  utils.ConfigManager - Application properties loaded successfully.
17-02-2024 10:45:39.177 [main] INFO  utils.ConfigManager - Application properties loaded successfully.
17-02-2024 10:46:13.664 [main] INFO  utils.ConfigManager - Application properties loaded successfully.
17-02-2024 10:46:45.181 [main] INFO  utils.ConfigManager - Application properties loaded successfully.
17-02-2024 10:46:55.144 [main] INFO  utils.ConfigManager - Application properties loaded successfully.
17-02-2024 10:49:28.514 [main] INFO  utils.ConfigManager - Application properties loaded successfully.
17-02-2024 10:50:30.319 [main] INFO  utils.ConfigManager - Application properties loaded successfully.
17-02-2024 10:56:39.411 [main] INFO  utils.ConfigManager - Application properties loaded successfully.
17-02-2024 10:59:43.389 [main] INFO  utils.ConfigManager - Application properties loaded successfully.
17-02-2024 11:02:09.915 [main] INFO  utils.ConfigManager - Application properties loaded successfully.
17-02-2024 11:20:51.852 [main] INFO  utils.ConfigManager - Application properties loaded successfully.
17-02-2024 11:23:09.749 [main] INFO  utils.ConfigManager - Application properties loaded successfully.
17-02-2024 11:24:26.284 [main] INFO  utils.ConfigManager - Application properties loaded successfully.
17-02-2024 11:26:29.596 [main] INFO  utils.ConfigManager - Application properties loaded successfully.
17-02-2024 11:33:17.409 [main] INFO  utils.ConfigManager - Application properties loaded successfully.
17-02-2024 11:36:15.593 [main] INFO  utils.ConfigManager - Application properties loaded successfully.
17-02-2024 12:04:00.686 [main] INFO  utils.ConfigManager - Application properties loaded successfully.
17-02-2024 12:05:09.594 [main] INFO  utils.ConfigManager - Application properties loaded successfully.
17-02-2024 12:05:48.090 [main] INFO  utils.ConfigManager - Application properties loaded successfully.
17-02-2024 12:07:08.650 [main] INFO  utils.ConfigManager - Application properties loaded successfully.
17-02-2024 12:07:59.412 [main] INFO  utils.ConfigManager - Application properties loaded successfully.
17-02-2024 12:38:00.872 [main] INFO  utils.ConfigManager - Application properties loaded successfully.
17-02-2024 12:39:03.884 [main] INFO  utils.ConfigManager - Application properties loaded successfully.
17-02-2024 12:39:35.157 [main] INFO  utils.ConfigManager - Application properties loaded successfully.
17-02-2024 12:42:57.640 [main] INFO  utils.ConfigManager - Application properties loaded successfully.
17-02-2024 12:47:19.382 [main] INFO  utils.ConfigManager - Application properties loaded successfully.
17-02-2024 12:48:38.141 [main] INFO  utils.ConfigManager - Application properties loaded successfully.
17-02-2024 12:48:58.286 [main] INFO  utils.ConfigManager - Application properties loaded successfully.
17-02-2024 12:51:09.739 [main] INFO  utils.ConfigManager - Application properties loaded successfully.
17-02-2024 12:57:39.212 [main] INFO  utils.ConfigManager - Application properties loaded successfully.
17-02-2024 13:10:36.775 [main] INFO  utils.ConfigManager - Application properties loaded successfully.
17-02-2024 13:25:08.710 [main] INFO  utils.ConfigManager - Application properties loaded successfully.
17-02-2024 13:28:54.245 [main] INFO  utils.ConfigManager - Application properties loaded successfully.
17-02-2024 13:30:12.791 [main] INFO  utils.ConfigManager - Application properties loaded successfully.
17-02-2024 13:30:35.406 [main] INFO  utils.ConfigManager - Application properties loaded successfully.
17-02-2024 13:30:52.230 [main] INFO  utils.ConfigManager - Application properties loaded successfully.
17-02-2024 14:03:51.444 [main] INFO  utils.ConfigManager - Application properties loaded successfully.
17-02-2024 14:04:52.815 [main] INFO  utils.ConfigManager - Application properties loaded successfully.
17-02-2024 14:07:25.195 [main] INFO  utils.ConfigManager - Application properties loaded successfully.
17-02-2024 14:07:54.374 [main] INFO  utils.ConfigManager - Application properties loaded successfully.
17-02-2024 14:10:29.334 [main] INFO  utils.ConfigManager - Application properties loaded successfully.
17-02-2024 14:11:06.556 [main] INFO  utils.ConfigManager - Application properties loaded successfully.
17-02-2024 14:56:04.430 [main] INFO  utils.ConfigManager - Application properties loaded successfully.
17-02-2024 15:07:15.295 [main] INFO  utils.ConfigManager - Application properties loaded successfully.
17-02-2024 15:07:35.827 [main] INFO  utils.ConfigManager - Application properties loaded successfully.
17-02-2024 15:21:00.861 [main] INFO  utils.ConfigManager - Application properties loaded successfully.
17-02-2024 15:28:24.532 [main] INFO  utils.ConfigManager - Application properties loaded successfully.
17-02-2024 15:33:08.890 [main] INFO  utils.ConfigManager - Application properties loaded successfully.
17-02-2024 15:36:39.511 [main] INFO  utils.ConfigManager - Application properties loaded successfully.
18-02-2024 12:14:31.507 [main] INFO  utils.ConfigManager - Application properties loaded successfully.
18-02-2024 12:49:02.474 [main] INFO  utils.ConfigManager - Application properties loaded successfully.
18-02-2024 12:55:39.444 [main] INFO  utils.ConfigManager - Application properties loaded successfully.
18-02-2024 12:57:01.404 [main] INFO  utils.ConfigManager - Application properties loaded successfully.
18-02-2024 12:58:30.328 [main] INFO  utils.ConfigManager - Application properties loaded successfully.
18-02-2024 13:03:41.349 [main] INFO  utils.ConfigManager - Application properties loaded successfully.
18-02-2024 18:22:16.118 [main] INFO  utils.ConfigManager - Application properties loaded successfully.
18-02-2024 18:22:26.937 [main] INFO  utils.ConfigManager - Application properties loaded successfully.
18-02-2024 18:22:51.946 [main] INFO  utils.ConfigManager - Application properties loaded successfully.
18-02-2024 18:23:50.695 [main] INFO  utils.ConfigManager - Application properties loaded successfully.
18-02-2024 18:24:16.575 [main] INFO  utils.ConfigManager - Application properties loaded successfully.
18-02-2024 18:24:42.827 [main] INFO  utils.ConfigManager - Application properties loaded successfully.
18-02-2024 18:25:15.430 [main] INFO  utils.ConfigManager - Application properties loaded successfully.
18-02-2024 18:28:33.930 [main] INFO  utils.ConfigManager - Application properties loaded successfully.
18-02-2024 18:29:01.224 [main] INFO  utils.ConfigManager - Application properties loaded successfully.
19-02-2024 10:11:36.150 [main] INFO  utils.ConfigManager - Application properties loaded successfully.
19-02-2024 10:31:23.155 [main] INFO  utils.ConfigManager - Application properties loaded successfully.
19-02-2024 10:32:11.688 [main] INFO  utils.ConfigManager - Application properties loaded successfully.
19-02-2024 10:38:56.593 [main] INFO  utils.ConfigManager - Application properties loaded successfully.
19-02-2024 10:40:16.007 [main] INFO  utils.ConfigManager - Application properties loaded successfully.
19-02-2024 10:40:30.557 [main] INFO  utils.ConfigManager - Application properties loaded successfully.
19-02-2024 11:17:52.766 [main] INFO  utils.ConfigManager - Application properties loaded successfully.
19-02-2024 11:17:53.137 [main] INFO  stepdefinition.RegisterStepDefs - The user is on the correct baseUri
19-02-2024 11:17:55.343 [main] INFO  stepdefinition.RegisterStepDefs - The user send POST request with clientName and clientEmail to the registration endpoint
19-02-2024 11:17:56.836 [main] INFO  stepdefinition.CreateCartStepDefs - The user sends POST request to the create a cart endpoint
19-02-2024 11:17:58.022 [main] INFO  stepdefinition.AddItemToCartStepDefs - The user sends POST request with product id to add item to the cart endpoint
19-02-2024 11:17:59.131 [main] INFO  stepdefinition.AddItemToCartStepDefs - The user sends POST request with product id to add item to the cart endpoint
19-02-2024 11:18:00.332 [main] INFO  stepdefinition.AddItemToCartStepDefs - The user sends POST request with product id to add item to the cart endpoint
19-02-2024 11:18:01.742 [main] INFO  stepdefinition.CreateAnOrderStepDefs - The user sends POST request with customerName to create an order end point
19-02-2024 11:18:02.626 [main] INFO  stepdefinition.GetASingleOrderStepDefs - The user sends GET request with order id to get a single order end point
19-02-2024 11:18:03.732 [main] INFO  stepdefinition.UpdateOrderStepDefs - The user sends PATCH request with new newCustomerName to the update order end point
19-02-2024 11:18:05.451 [main] INFO  stepdefinition.DeleteAnOrderStepDefs - The user sends DELETE request to delete an order endpoint
19-02-2024 11:21:31.800 [main] INFO  utils.ConfigManager - Application properties loaded successfully.
19-02-2024 11:21:32.169 [main] INFO  stepdefinition.RegisterStepDefs - The user is on the correct baseUri
19-02-2024 11:21:34.319 [main] INFO  stepdefinition.RegisterStepDefs - The user send POST request with clientName and clientEmail to the registration endpoint
19-02-2024 11:21:35.823 [main] INFO  stepdefinition.CreateCartStepDefs - The user sends POST request to the create a cart endpoint
19-02-2024 11:21:37.102 [main] INFO  stepdefinition.AddItemToCartStepDefs - The user sends POST request with product id to add item to the cart endpoint
19-02-2024 11:21:38.211 [main] INFO  stepdefinition.AddItemToCartStepDefs - The user sends POST request with product id to add item to the cart endpoint
19-02-2024 11:21:39.720 [main] INFO  stepdefinition.AddItemToCartStepDefs - The user sends POST request with product id to add item to the cart endpoint
19-02-2024 11:21:41.302 [main] INFO  stepdefinition.CreateAnOrderStepDefs - The user sends POST request with customerName to create an order end point
19-02-2024 11:21:42.113 [main] INFO  stepdefinition.GetASingleOrderStepDefs - The user sends GET request with order id to get a single order end point
19-02-2024 11:21:43.309 [main] INFO  stepdefinition.UpdateOrderStepDefs - The user sends PATCH request with new newCustomerName to the update order end point
19-02-2024 11:21:45.410 [main] INFO  stepdefinition.DeleteAnOrderStepDefs - The user sends DELETE request to delete an order endpoint
19-02-2024 11:24:00.528 [main] INFO  utils.ConfigManager - Application properties loaded successfully.
19-02-2024 11:24:00.899 [main] INFO  stepdefinition.RegisterStepDefs - The user is on the correct baseUri
19-02-2024 11:24:03.134 [main] INFO  stepdefinition.RegisterStepDefs - The user send POST request with clientName and clientEmail to the registration endpoint
19-02-2024 11:24:04.800 [main] INFO  stepdefinition.CreateCartStepDefs - The user sends POST request to the create a cart endpoint
19-02-2024 11:24:06.736 [main] INFO  stepdefinition.AddItemToCartStepDefs - The user sends POST request with product id to add item to the cart endpoint
19-02-2024 11:24:07.971 [main] INFO  stepdefinition.AddItemToCartStepDefs - The user sends POST request with product id to add item to the cart endpoint
19-02-2024 11:24:09.234 [main] INFO  stepdefinition.AddItemToCartStepDefs - The user sends POST request with product id to add item to the cart endpoint
19-02-2024 11:24:10.704 [main] INFO  stepdefinition.CreateAnOrderStepDefs - The user sends POST request with customerName to create an order end point
19-02-2024 11:24:11.602 [main] INFO  stepdefinition.GetASingleOrderStepDefs - The user sends GET request with order id to get a single order end point
19-02-2024 11:24:12.806 [main] INFO  stepdefinition.UpdateOrderStepDefs - The user sends PATCH request with new newCustomerName to the update order end point
19-02-2024 11:24:14.733 [main] INFO  stepdefinition.DeleteAnOrderStepDefs - The user sends DELETE request to delete an order endpoint
19-02-2024 11:28:49.863 [main] INFO  utils.ConfigManager - Application properties loaded successfully.
19-02-2024 11:28:50.208 [main] INFO  stepdefinition.RegisterStepDefs - The user is on the correct baseUri
19-02-2024 11:28:52.407 [main] INFO  stepdefinition.RegisterStepDefs - The user send POST request with clientName and clientEmail to the registration endpoint
19-02-2024 11:28:54.245 [main] INFO  stepdefinition.CreateCartStepDefs - The user sends POST request to the create a cart endpoint
19-02-2024 11:28:55.617 [main] INFO  stepdefinition.AddItemToCartStepDefs - The user sends POST request with product id to add item to the cart endpoint
19-02-2024 11:28:58.004 [main] INFO  stepdefinition.AddItemToCartStepDefs - The user sends POST request with product id to add item to the cart endpoint
19-02-2024 11:28:59.315 [main] INFO  stepdefinition.AddItemToCartStepDefs - The user sends POST request with product id to add item to the cart endpoint
19-02-2024 11:29:01.018 [main] INFO  stepdefinition.CreateAnOrderStepDefs - The user sends POST request with customerName to create an order end point
19-02-2024 11:29:01.854 [main] INFO  stepdefinition.GetASingleOrderStepDefs - The user sends GET request with order id to get a single order end point
19-02-2024 11:29:03.093 [main] INFO  stepdefinition.UpdateOrderStepDefs - The user sends PATCH request with new newCustomerName to the update order end point
19-02-2024 11:29:05.014 [main] INFO  stepdefinition.DeleteAnOrderStepDefs - The user sends DELETE request to delete an order endpoint
19-02-2024 11:29:44.806 [main] INFO  utils.ConfigManager - Application properties loaded successfully.
19-02-2024 11:29:45.181 [main] INFO  stepdefinition.RegisterStepDefs - The user is on the correct baseUri
19-02-2024 11:29:47.228 [main] INFO  stepdefinition.RegisterStepDefs - The user send POST request with clientName and clientEmail to the registration endpoint
19-02-2024 11:29:49.030 [main] INFO  stepdefinition.CreateCartStepDefs - The user sends POST request to the create a cart endpoint
19-02-2024 11:29:50.227 [main] INFO  stepdefinition.AddItemToCartStepDefs - The user sends POST request with product id to add item to the cart endpoint
19-02-2024 11:29:51.589 [main] INFO  stepdefinition.AddItemToCartStepDefs - The user sends POST request with product id to add item to the cart endpoint
19-02-2024 11:29:52.816 [main] INFO  stepdefinition.AddItemToCartStepDefs - The user sends POST request with product id to add item to the cart endpoint
19-02-2024 11:29:55.402 [main] INFO  stepdefinition.CreateAnOrderStepDefs - The user sends POST request with customerName to create an order end point
19-02-2024 11:29:56.316 [main] INFO  stepdefinition.GetASingleOrderStepDefs - The user sends GET request with order id to get a single order end point
19-02-2024 11:29:57.582 [main] INFO  stepdefinition.UpdateOrderStepDefs - The user sends PATCH request with new newCustomerName to the update order end point
19-02-2024 11:29:59.717 [main] INFO  stepdefinition.DeleteAnOrderStepDefs - The user sends DELETE request to delete an order endpoint
19-02-2024 11:31:08.740 [main] INFO  utils.ConfigManager - Application properties loaded successfully.
19-02-2024 11:31:08.743 [main] INFO  stepdefinition.hooks.Hooks - ::::::::::::::: TEST INFORMARION :::::::::::::::
19-02-2024 11:31:08.743 [main] INFO  stepdefinition.hooks.Hooks - Executing scenario: Test all method of simple grocery API functionality
19-02-2024 11:31:09.110 [main] INFO  stepdefinition.RegisterStepDefs - The user is on the correct baseUri
19-02-2024 11:31:10.807 [main] INFO  stepdefinition.RegisterStepDefs - The user send POST request with clientName and clientEmail to the registration endpoint
19-02-2024 11:31:11.158 [main] ERROR stepdefinition.hooks.Hooks - Scenario failed! Logging response body for failed scenario: Test all method of simple grocery API functionality
19-02-2024 11:31:11.163 [main] ERROR stepdefinition.hooks.Hooks - {
    "error": "API client already registered. Try a different email."
}
19-02-2024 11:31:11.163 [main] INFO  stepdefinition.hooks.Hooks - Finished scenario: Test all method of simple grocery API functionality
19-02-2024 11:31:11.163 [main] INFO  stepdefinition.hooks.Hooks - ::::::::::::::::::::::::::::::::::::::::::::::::
